<?xml version="1.0" encoding="UTF-8"?>
<!-- Generated by org.testng.reporters.JUnitXMLReporter -->
<testsuite ignored="2" hostname="Rubz" failures="0" tests="0" time="0.009" errors="0" timestamp="2024-02-27T14:04:52 MST">
  <testcase classname="ATBAutomation.TestCases.StandAloneTest" name="orderHistoryTest" time="0.0">
    <ignored/>
  </testcase> <!-- orderHistoryTest -->
  <testcase classname="ATBAutomation.TestCases.StandAloneTest" name="StandAlone" time="0.0">
    <ignored/>
  </testcase> <!-- StandAlone -->
</testsuite>
